<?xml version="1.0" encoding="UTF-8" standalone="no"?>
<testsuite errors="0" failures="1" name="io.cucumber.core.plugin.JUnitFormatter" skipped="0" tests="1" time="16.483">
    <testcase classname="Feature to test ordering an Item functionality" name="Check login is successful with valid credentials" time="16.295">
        <failure message="element click intercepted: Element &lt;span class=&quot;cart-label&quot;&gt;...&lt;/span&gt; is not clickable at point (1090, 7). Other element would receive the click: &lt;div id=&quot;bar-notification&quot; class=&quot;bar-notification success&quot; style=&quot;display: block;&quot;&gt;...&lt;/div&gt;&#10;  (Session info: chrome=99.0.4844.84)&#10;Build info: version: '4.1.3', revision: '7b1ebf28ef'&#10;System info: host: 'ITLHDLK2B3', ip: '10.0.0.104', os.name: 'Windows 10', os.arch: 'amd64', os.version: '10.0', java.version: '11.0.14.1'&#10;Driver info: org.openqa.selenium.chrome.ChromeDriver&#10;Command: [079d785ddf7d591ff9fb8f61be696957, clickElement {id=a660481a-dd75-41c3-a1eb-70a4f4a01dab}]&#10;Capabilities {acceptInsecureCerts: false, browserName: chrome, browserVersion: 99.0.4844.84, chrome: {chromedriverVersion: 99.0.4844.51 (d537ec02474b5..., userDataDir: C:\Users\SBUTHE~1\AppData\L...}, goog:chromeOptions: {debuggerAddress: localhost:54041}, javascriptEnabled: true, networkConnectionEnabled: false, pageLoadStrategy: normal, platform: WINDOWS, platformName: WINDOWS, proxy: Proxy(), se:cdp: ws://localhost:54041/devtoo..., se:cdpVersion: 99.0.4844.84, setWindowRect: true, strictFileInteractability: false, timeouts: {implicit: 0, pageLoad: 300000, script: 30000}, unhandledPromptBehavior: dismiss and notify, webauthn:extension:credBlob: true, webauthn:extension:largeBlob: true, webauthn:virtualAuthenticators: true}&#10;Element: [[ChromeDriver: chrome on WINDOWS (079d785ddf7d591ff9fb8f61be696957)] -&gt; xpath: //span[contains(text(),'Shopping cart')]]&#10;Session ID: 079d785ddf7d591ff9fb8f61be696957" type="org.openqa.selenium.ElementClickInterceptedException">
            <![CDATA[Given browser is open.......................................................passed
And user is on login page...................................................passed
When user enters buthelezisiyabonga96@gmail.com and SIyabonga19965@.........passed
And clicks login button.....................................................passed
Then user is navigated to the Home page.....................................passed
And clicks the computers and Desktop link...................................passed
And selects to Price: Low to High...........................................passed
And user clicks Add to cart button..........................................passed
Then user is navigated to specs page........................................passed
And user select type of 1...................................................passed
And user selects 1..........................................................passed
And user chooses HDD........................................................passed
And user chooses OS.........................................................passed
And clicks and to cart button...............................................passed
And then clicks the shopping cart link......................................failed
Then user is navigated to the shopping cart page............................skipped
And user specifies 2........................................................skipped
And user clicks checkbox to accept terms and conditions.....................skipped
And user clicks the checkout button.........................................skipped
Then user is navigated to the checkout page.................................skipped
And user chooses billing address............................................skipped
And user chooses shipping address...........................................skipped
And user chooses Shipping Method............................................skipped
And user chooses payment method.............................................skipped
And user confirms payments information......................................skipped
And user confirms the order.................................................skipped
Then order is completed.....................................................skipped

StackTrace:
org.openqa.selenium.ElementClickInterceptedException: element click intercepted: Element <span class="cart-label">...</span> is not clickable at point (1090, 7). Other element would receive the click: <div id="bar-notification" class="bar-notification success" style="display: block;">...</div>
  (Session info: chrome=99.0.4844.84)
Build info: version: '4.1.3', revision: '7b1ebf28ef'
System info: host: 'ITLHDLK2B3', ip: '10.0.0.104', os.name: 'Windows 10', os.arch: 'amd64', os.version: '10.0', java.version: '11.0.14.1'
Driver info: org.openqa.selenium.chrome.ChromeDriver
Command: [079d785ddf7d591ff9fb8f61be696957, clickElement {id=a660481a-dd75-41c3-a1eb-70a4f4a01dab}]
Capabilities {acceptInsecureCerts: false, browserName: chrome, browserVersion: 99.0.4844.84, chrome: {chromedriverVersion: 99.0.4844.51 (d537ec02474b5..., userDataDir: C:\Users\SBUTHE~1\AppData\L...}, goog:chromeOptions: {debuggerAddress: localhost:54041}, javascriptEnabled: true, networkConnectionEnabled: false, pageLoadStrategy: normal, platform: WINDOWS, platformName: WINDOWS, proxy: Proxy(), se:cdp: ws://localhost:54041/devtoo..., se:cdpVersion: 99.0.4844.84, setWindowRect: true, strictFileInteractability: false, timeouts: {implicit: 0, pageLoad: 300000, script: 30000}, unhandledPromptBehavior: dismiss and notify, webauthn:extension:credBlob: true, webauthn:extension:largeBlob: true, webauthn:virtualAuthenticators: true}
Element: [[ChromeDriver: chrome on WINDOWS (079d785ddf7d591ff9fb8f61be696957)] -> xpath: //span[contains(text(),'Shopping cart')]]
Session ID: 079d785ddf7d591ff9fb8f61be696957
	at java.base/jdk.internal.reflect.NativeConstructorAccessorImpl.newInstance0(Native Method)
	at java.base/jdk.internal.reflect.NativeConstructorAccessorImpl.newInstance(NativeConstructorAccessorImpl.java:62)
	at java.base/jdk.internal.reflect.DelegatingConstructorAccessorImpl.newInstance(DelegatingConstructorAccessorImpl.java:45)
	at java.base/java.lang.reflect.Constructor.newInstance(Constructor.java:490)
	at org.openqa.selenium.remote.codec.w3c.W3CHttpResponseCodec.createException(W3CHttpResponseCodec.java:200)
	at org.openqa.selenium.remote.codec.w3c.W3CHttpResponseCodec.decode(W3CHttpResponseCodec.java:133)
	at org.openqa.selenium.remote.codec.w3c.W3CHttpResponseCodec.decode(W3CHttpResponseCodec.java:53)
	at org.openqa.selenium.remote.HttpCommandExecutor.execute(HttpCommandExecutor.java:184)
	at org.openqa.selenium.remote.service.DriverCommandExecutor.invokeExecute(DriverCommandExecutor.java:167)
	at org.openqa.selenium.remote.service.DriverCommandExecutor.execute(DriverCommandExecutor.java:142)
	at org.openqa.selenium.remote.RemoteWebDriver.execute(RemoteWebDriver.java:567)
	at org.openqa.selenium.remote.RemoteWebElement.execute(RemoteWebElement.java:251)
	at org.openqa.selenium.remote.RemoteWebElement.click(RemoteWebElement.java:77)
	at Pages.SelectSpecs.clickShoppingCartLinkText(SelectSpecs.java:58)
	at StepDefintions.OrderingItem.then_clicks_the_shopping_cart_link(OrderingItem.java:109)
	at âœ½.then clicks the shopping cart link(file:///C:/Behaviour%20Driven%20Development/BenchDEmoProj/src/test/java/Features/OrderItem.feature:20)
]]>
        </failure>
    </testcase>
</testsuite>
